<function resnet18 at 0x146ad315ba60>
****************
Operation               OPS         
----------------------  ----------  
conv1                   118013952   
bn1                     1605632     
relu                    1605632     
maxpool                 1605632     
layer1_0_conv1          115605504   
layer1_0_bn1            401408      
layer1_0_relu           401408      
layer1_0_conv2          115605504   
layer1_0_bn2            401408      
add                     401408      
layer1_0_relu_1         401408      
layer1_1_conv1          115605504   
layer1_1_bn1            401408      
layer1_1_relu           401408      
layer1_1_conv2          115605504   
layer1_1_bn2            401408      
add_1                   401408      
layer1_1_relu_1         401408      
layer2_0_conv1          57802752    
layer2_0_bn1            200704      
layer2_0_relu           200704      
layer2_0_conv2          115605504   
layer2_0_bn2            200704      
layer2_0_downsample_0   6422528     
layer2_0_downsample_1   200704      
add_2                   200704      
layer2_0_relu_1         200704      
layer2_1_conv1          115605504   
layer2_1_bn1            200704      
layer2_1_relu           200704      
layer2_1_conv2          115605504   
layer2_1_bn2            200704      
add_3                   200704      
layer2_1_relu_1         200704      
layer3_0_conv1          57802752    
layer3_0_bn1            100352      
layer3_0_relu           100352      
layer3_0_conv2          115605504   
layer3_0_bn2            100352      
layer3_0_downsample_0   6422528     
layer3_0_downsample_1   100352      
add_4                   100352      
layer3_0_relu_1         100352      
layer3_1_conv1          115605504   
layer3_1_bn1            100352      
layer3_1_relu           100352      
layer3_1_conv2          115605504   
layer3_1_bn2            100352      
add_5                   100352      
layer3_1_relu_1         100352      
layer4_0_conv1          57802752    
layer4_0_bn1            50176       
layer4_0_relu           50176       
layer4_0_conv2          115605504   
layer4_0_bn2            50176       
layer4_0_downsample_0   6422528     
layer4_0_downsample_1   50176       
add_6                   50176       
layer4_0_relu_1         50176       
layer4_1_conv1          115605504   
layer4_1_bn1            50176       
layer4_1_relu           50176       
layer4_1_conv2          115605504   
layer4_1_bn2            50176       
add_7                   50176       
layer4_1_relu_1         50176       
avgpool                 25088       
fc                      513000      
---------------------   ---------   
Input size: (1, 3, 224, 224)
1,826,793,960 FLOPs or approx. 1.83 GFLOPs

xxxxxxxxxxxxxxx

<function resnet34 at 0x146ad315baf0>
****************
Operation               OPS         
----------------------  ----------  
conv1                   118013952   
bn1                     1605632     
relu                    1605632     
maxpool                 1605632     
layer1_0_conv1          115605504   
layer1_0_bn1            401408      
layer1_0_relu           401408      
layer1_0_conv2          115605504   
layer1_0_bn2            401408      
add                     401408      
layer1_0_relu_1         401408      
layer1_1_conv1          115605504   
layer1_1_bn1            401408      
layer1_1_relu           401408      
layer1_1_conv2          115605504   
layer1_1_bn2            401408      
add_1                   401408      
layer1_1_relu_1         401408      
layer1_2_conv1          115605504   
layer1_2_bn1            401408      
layer1_2_relu           401408      
layer1_2_conv2          115605504   
layer1_2_bn2            401408      
add_2                   401408      
layer1_2_relu_1         401408      
layer2_0_conv1          57802752    
layer2_0_bn1            200704      
layer2_0_relu           200704      
layer2_0_conv2          115605504   
layer2_0_bn2            200704      
layer2_0_downsample_0   6422528     
layer2_0_downsample_1   200704      
add_3                   200704      
layer2_0_relu_1         200704      
layer2_1_conv1          115605504   
layer2_1_bn1            200704      
layer2_1_relu           200704      
layer2_1_conv2          115605504   
layer2_1_bn2            200704      
add_4                   200704      
layer2_1_relu_1         200704      
layer2_2_conv1          115605504   
layer2_2_bn1            200704      
layer2_2_relu           200704      
layer2_2_conv2          115605504   
layer2_2_bn2            200704      
add_5                   200704      
layer2_2_relu_1         200704      
layer2_3_conv1          115605504   
layer2_3_bn1            200704      
layer2_3_relu           200704      
layer2_3_conv2          115605504   
layer2_3_bn2            200704      
add_6                   200704      
layer2_3_relu_1         200704      
layer3_0_conv1          57802752    
layer3_0_bn1            100352      
layer3_0_relu           100352      
layer3_0_conv2          115605504   
layer3_0_bn2            100352      
layer3_0_downsample_0   6422528     
layer3_0_downsample_1   100352      
add_7                   100352      
layer3_0_relu_1         100352      
layer3_1_conv1          115605504   
layer3_1_bn1            100352      
layer3_1_relu           100352      
layer3_1_conv2          115605504   
layer3_1_bn2            100352      
add_8                   100352      
layer3_1_relu_1         100352      
layer3_2_conv1          115605504   
layer3_2_bn1            100352      
layer3_2_relu           100352      
layer3_2_conv2          115605504   
layer3_2_bn2            100352      
add_9                   100352      
layer3_2_relu_1         100352      
layer3_3_conv1          115605504   
layer3_3_bn1            100352      
layer3_3_relu           100352      
layer3_3_conv2          115605504   
layer3_3_bn2            100352      
add_10                  100352      
layer3_3_relu_1         100352      
layer3_4_conv1          115605504   
layer3_4_bn1            100352      
layer3_4_relu           100352      
layer3_4_conv2          115605504   
layer3_4_bn2            100352      
add_11                  100352      
layer3_4_relu_1         100352      
layer3_5_conv1          115605504   
layer3_5_bn1            100352      
layer3_5_relu           100352      
layer3_5_conv2          115605504   
layer3_5_bn2            100352      
add_12                  100352      
layer3_5_relu_1         100352      
layer4_0_conv1          57802752    
layer4_0_bn1            50176       
layer4_0_relu           50176       
layer4_0_conv2          115605504   
layer4_0_bn2            50176       
layer4_0_downsample_0   6422528     
layer4_0_downsample_1   50176       
add_13                  50176       
layer4_0_relu_1         50176       
layer4_1_conv1          115605504   
layer4_1_bn1            50176       
layer4_1_relu           50176       
layer4_1_conv2          115605504   
layer4_1_bn2            50176       
add_14                  50176       
layer4_1_relu_1         50176       
layer4_2_conv1          115605504   
layer4_2_bn1            50176       
layer4_2_relu           50176       
layer4_2_conv2          115605504   
layer4_2_bn2            50176       
add_15                  50176       
layer4_2_relu_1         50176       
avgpool                 25088       
fc                      513000      
---------------------   ---------   
Input size: (1, 3, 224, 224)
3,682,754,024 FLOPs or approx. 3.68 GFLOPs

xxxxxxxxxxxxxxx

<function resnet50 at 0x146ad315bb80>
****************
Operation               OPS         
----------------------  ----------  
conv1                   118013952   
bn1                     1605632     
relu                    1605632     
maxpool                 1605632     
layer1_0_conv1          12845056    
layer1_0_bn1            401408      
layer1_0_relu           401408      
layer1_0_conv2          115605504   
layer1_0_bn2            401408      
layer1_0_relu_1         401408      
layer1_0_conv3          51380224    
layer1_0_bn3            1605632     
layer1_0_downsample_0   51380224    
layer1_0_downsample_1   1605632     
add                     1605632     
layer1_0_relu_2         1605632     
layer1_1_conv1          51380224    
layer1_1_bn1            401408      
layer1_1_relu           401408      
layer1_1_conv2          115605504   
layer1_1_bn2            401408      
layer1_1_relu_1         401408      
layer1_1_conv3          51380224    
layer1_1_bn3            1605632     
add_1                   1605632     
layer1_1_relu_2         1605632     
layer1_2_conv1          51380224    
layer1_2_bn1            401408      
layer1_2_relu           401408      
layer1_2_conv2          115605504   
layer1_2_bn2            401408      
layer1_2_relu_1         401408      
layer1_2_conv3          51380224    
layer1_2_bn3            1605632     
add_2                   1605632     
layer1_2_relu_2         1605632     
layer2_0_conv1          102760448   
layer2_0_bn1            802816      
layer2_0_relu           802816      
layer2_0_conv2          115605504   
layer2_0_bn2            200704      
layer2_0_relu_1         200704      
layer2_0_conv3          51380224    
layer2_0_bn3            802816      
layer2_0_downsample_0   102760448   
layer2_0_downsample_1   802816      
add_3                   802816      
layer2_0_relu_2         802816      
layer2_1_conv1          51380224    
layer2_1_bn1            200704      
layer2_1_relu           200704      
layer2_1_conv2          115605504   
layer2_1_bn2            200704      
layer2_1_relu_1         200704      
layer2_1_conv3          51380224    
layer2_1_bn3            802816      
add_4                   802816      
layer2_1_relu_2         802816      
layer2_2_conv1          51380224    
layer2_2_bn1            200704      
layer2_2_relu           200704      
layer2_2_conv2          115605504   
layer2_2_bn2            200704      
layer2_2_relu_1         200704      
layer2_2_conv3          51380224    
layer2_2_bn3            802816      
add_5                   802816      
layer2_2_relu_2         802816      
layer2_3_conv1          51380224    
layer2_3_bn1            200704      
layer2_3_relu           200704      
layer2_3_conv2          115605504   
layer2_3_bn2            200704      
layer2_3_relu_1         200704      
layer2_3_conv3          51380224    
layer2_3_bn3            802816      
add_6                   802816      
layer2_3_relu_2         802816      
layer3_0_conv1          102760448   
layer3_0_bn1            401408      
layer3_0_relu           401408      
layer3_0_conv2          115605504   
layer3_0_bn2            100352      
layer3_0_relu_1         100352      
layer3_0_conv3          51380224    
layer3_0_bn3            401408      
layer3_0_downsample_0   102760448   
layer3_0_downsample_1   401408      
add_7                   401408      
layer3_0_relu_2         401408      
layer3_1_conv1          51380224    
layer3_1_bn1            100352      
layer3_1_relu           100352      
layer3_1_conv2          115605504   
layer3_1_bn2            100352      
layer3_1_relu_1         100352      
layer3_1_conv3          51380224    
layer3_1_bn3            401408      
add_8                   401408      
layer3_1_relu_2         401408      
layer3_2_conv1          51380224    
layer3_2_bn1            100352      
layer3_2_relu           100352      
layer3_2_conv2          115605504   
layer3_2_bn2            100352      
layer3_2_relu_1         100352      
layer3_2_conv3          51380224    
layer3_2_bn3            401408      
add_9                   401408      
layer3_2_relu_2         401408      
layer3_3_conv1          51380224    
layer3_3_bn1            100352      
layer3_3_relu           100352      
layer3_3_conv2          115605504   
layer3_3_bn2            100352      
layer3_3_relu_1         100352      
layer3_3_conv3          51380224    
layer3_3_bn3            401408      
add_10                  401408      
layer3_3_relu_2         401408      
layer3_4_conv1          51380224    
layer3_4_bn1            100352      
layer3_4_relu           100352      
layer3_4_conv2          115605504   
layer3_4_bn2            100352      
layer3_4_relu_1         100352      
layer3_4_conv3          51380224    
layer3_4_bn3            401408      
add_11                  401408      
layer3_4_relu_2         401408      
layer3_5_conv1          51380224    
layer3_5_bn1            100352      
layer3_5_relu           100352      
layer3_5_conv2          115605504   
layer3_5_bn2            100352      
layer3_5_relu_1         100352      
layer3_5_conv3          51380224    
layer3_5_bn3            401408      
add_12                  401408      
layer3_5_relu_2         401408      
layer4_0_conv1          102760448   
layer4_0_bn1            200704      
layer4_0_relu           200704      
layer4_0_conv2          115605504   
layer4_0_bn2            50176       
layer4_0_relu_1         50176       
layer4_0_conv3          51380224    
layer4_0_bn3            200704      
layer4_0_downsample_0   102760448   
layer4_0_downsample_1   200704      
add_13                  200704      
layer4_0_relu_2         200704      
layer4_1_conv1          51380224    
layer4_1_bn1            50176       
layer4_1_relu           50176       
layer4_1_conv2          115605504   
layer4_1_bn2            50176       
layer4_1_relu_1         50176       
layer4_1_conv3          51380224    
layer4_1_bn3            200704      
add_14                  200704      
layer4_1_relu_2         200704      
layer4_2_conv1          51380224    
layer4_2_bn1            50176       
layer4_2_relu           50176       
layer4_2_conv2          115605504   
layer4_2_bn2            50176       
layer4_2_relu_1         50176       
layer4_2_conv3          51380224    
layer4_2_bn3            200704      
add_15                  200704      
layer4_2_relu_2         200704      
avgpool                 100352      
fc                      2049000     
---------------------   ---------   
Input size: (1, 3, 224, 224)
4,143,375,336 FLOPs or approx. 4.14 GFLOPs

xxxxxxxxxxxxxxx

